2025-06-30 12:49:54,439 - alembic - INFO - Running online migrations
2025-06-30 12:49:54,439 - alembic - INFO - Running online migrations
2025-06-30 12:49:54,772 - alembic.runtime.migration - INFO - Context impl PostgresqlImpl.
2025-06-30 12:49:54,772 - alembic.runtime.migration - INFO - Context impl PostgresqlImpl.
2025-06-30 12:49:54,772 - alembic.runtime.migration - INFO - Will assume transactional DDL.
2025-06-30 12:49:54,772 - alembic.runtime.migration - INFO - Will assume transactional DDL.
2025-06-30 12:49:54,799 - alembic.runtime.migration - INFO - Running upgrade  -> 20250619_0001, 20250619_0001_initial_migration
2025-06-30 12:49:54,799 - alembic.runtime.migration - INFO - Running upgrade  -> 20250619_0001, 20250619_0001_initial_migration
2025-06-30 20:43:14,887 - alembic - INFO - Running online migrations
2025-06-30 20:43:14,887 - alembic - INFO - Running online migrations
2025-06-30 20:43:15,361 - alembic.runtime.migration - INFO - Context impl PostgresqlImpl.
2025-06-30 20:43:15,361 - alembic.runtime.migration - INFO - Context impl PostgresqlImpl.
2025-06-30 20:43:15,362 - alembic.runtime.migration - INFO - Will assume transactional DDL.
2025-06-30 20:43:15,362 - alembic.runtime.migration - INFO - Will assume transactional DDL.
2025-06-30 20:43:15,415 - alembic.runtime.migration - INFO - Running upgrade  -> 20250619_0001, 20250619_0001_initial_migration
2025-06-30 20:43:15,415 - alembic.runtime.migration - INFO - Running upgrade  -> 20250619_0001, 20250619_0001_initial_migration
2025-07-01 16:08:57,098 - alembic - INFO - Running online migrations
2025-07-01 16:08:57,098 - alembic - INFO - Running online migrations
2025-07-01 16:08:57,382 - alembic.runtime.migration - INFO - Context impl PostgresqlImpl.
2025-07-01 16:08:57,382 - alembic.runtime.migration - INFO - Context impl PostgresqlImpl.
2025-07-01 16:08:57,382 - alembic.runtime.migration - INFO - Will assume transactional DDL.
2025-07-01 16:08:57,382 - alembic.runtime.migration - INFO - Will assume transactional DDL.
2025-07-01 16:08:57,416 - alembic.runtime.migration - INFO - Running upgrade  -> 20250619_0001, 20250619_0001_initial_migration
2025-07-01 16:08:57,416 - alembic.runtime.migration - INFO - Running upgrade  -> 20250619_0001, 20250619_0001_initial_migration
2025-07-01 17:39:47,618 - alembic - INFO - Running online migrations
2025-07-01 17:39:47,618 - alembic - INFO - Running online migrations
2025-07-01 17:39:47,838 - alembic.runtime.migration - INFO - Context impl PostgresqlImpl.
2025-07-01 17:39:47,838 - alembic.runtime.migration - INFO - Context impl PostgresqlImpl.
2025-07-01 17:39:47,838 - alembic.runtime.migration - INFO - Will assume transactional DDL.
2025-07-01 17:39:47,838 - alembic.runtime.migration - INFO - Will assume transactional DDL.
2025-07-01 17:39:47,869 - alembic.runtime.migration - INFO - Running upgrade  -> 20250619_0001, 20250619_0001_initial_migration
2025-07-01 17:39:47,869 - alembic.runtime.migration - INFO - Running upgrade  -> 20250619_0001, 20250619_0001_initial_migration
2025-07-01 17:47:39,447 - alembic - INFO - Running online migrations
2025-07-01 17:47:39,447 - alembic - INFO - Running online migrations
2025-07-01 17:47:39,661 - alembic.runtime.migration - INFO - Context impl PostgresqlImpl.
2025-07-01 17:47:39,661 - alembic.runtime.migration - INFO - Context impl PostgresqlImpl.
2025-07-01 17:47:39,661 - alembic.runtime.migration - INFO - Will assume transactional DDL.
2025-07-01 17:47:39,661 - alembic.runtime.migration - INFO - Will assume transactional DDL.
2025-07-01 17:47:39,684 - alembic.runtime.migration - INFO - Running upgrade  -> 20250619_0001, 20250619_0001_initial_migration
2025-07-01 17:47:39,684 - alembic.runtime.migration - INFO - Running upgrade  -> 20250619_0001, 20250619_0001_initial_migration
2025-07-02 11:10:20,500 - alembic - INFO - Running online migrations
2025-07-02 11:10:20,500 - alembic - INFO - Running online migrations
2025-07-02 11:10:20,784 - alembic.runtime.migration - INFO - Context impl PostgresqlImpl.
2025-07-02 11:10:20,784 - alembic.runtime.migration - INFO - Context impl PostgresqlImpl.
2025-07-02 11:10:20,784 - alembic.runtime.migration - INFO - Will assume transactional DDL.
2025-07-02 11:10:20,784 - alembic.runtime.migration - INFO - Will assume transactional DDL.
2025-07-02 11:10:20,818 - alembic.runtime.migration - INFO - Running upgrade  -> 20250619_0001, 20250619_0001_initial_migration
2025-07-02 11:10:20,818 - alembic.runtime.migration - INFO - Running upgrade  -> 20250619_0001, 20250619_0001_initial_migration
2025-07-06 13:10:21,818 - alembic - INFO - Running online migrations
2025-07-06 13:10:21,818 - alembic - INFO - Running online migrations
2025-07-06 13:10:22,095 - alembic.runtime.migration - INFO - Context impl PostgresqlImpl.
2025-07-06 13:10:22,095 - alembic.runtime.migration - INFO - Context impl PostgresqlImpl.
2025-07-06 13:10:22,096 - alembic.runtime.migration - INFO - Will assume transactional DDL.
2025-07-06 13:10:22,096 - alembic.runtime.migration - INFO - Will assume transactional DDL.
2025-07-06 13:10:22,126 - alembic.runtime.migration - INFO - Running upgrade  -> 20250619_0001, 20250619_0001_initial_migration
2025-07-06 13:10:22,126 - alembic.runtime.migration - INFO - Running upgrade  -> 20250619_0001, 20250619_0001_initial_migration
2025-07-06 14:12:31,087 - alembic - INFO - Running online migrations
2025-07-06 14:12:31,087 - alembic - INFO - Running online migrations
2025-07-06 14:12:31,190 - alembic.runtime.migration - INFO - Context impl PostgresqlImpl.
2025-07-06 14:12:31,190 - alembic.runtime.migration - INFO - Context impl PostgresqlImpl.
2025-07-06 14:12:31,190 - alembic.runtime.migration - INFO - Will assume transactional DDL.
2025-07-06 14:12:31,190 - alembic.runtime.migration - INFO - Will assume transactional DDL.
2025-07-06 14:12:31,236 - alembic.runtime.migration - INFO - Running upgrade  -> 20250619_0001, 20250619_0001_initial_migration
2025-07-06 14:12:31,236 - alembic.runtime.migration - INFO - Running upgrade  -> 20250619_0001, 20250619_0001_initial_migration
2025-07-06 14:57:32,947 - alembic - INFO - Running online migrations
2025-07-06 14:57:32,947 - alembic - INFO - Running online migrations
2025-07-06 14:58:41,015 - alembic - INFO - Running online migrations
2025-07-06 14:58:41,015 - alembic - INFO - Running online migrations
2025-07-06 14:58:41,108 - alembic.runtime.migration - INFO - Context impl PostgresqlImpl.
2025-07-06 14:58:41,108 - alembic.runtime.migration - INFO - Context impl PostgresqlImpl.
2025-07-06 14:58:41,108 - alembic.runtime.migration - INFO - Will assume transactional DDL.
2025-07-06 14:58:41,108 - alembic.runtime.migration - INFO - Will assume transactional DDL.
2025-07-06 14:58:41,129 - alembic.runtime.migration - INFO - Running upgrade  -> 20250619_0001, 20250619_0001_initial_migration
2025-07-06 14:58:41,129 - alembic.runtime.migration - INFO - Running upgrade  -> 20250619_0001, 20250619_0001_initial_migration
2025-07-06 16:25:02,190 - alembic - INFO - Running online migrations
2025-07-06 16:25:02,190 - alembic - INFO - Running online migrations
2025-07-06 16:25:02,288 - alembic.runtime.migration - INFO - Context impl PostgresqlImpl.
2025-07-06 16:25:02,288 - alembic.runtime.migration - INFO - Context impl PostgresqlImpl.
2025-07-06 16:25:02,288 - alembic.runtime.migration - INFO - Will assume transactional DDL.
2025-07-06 16:25:02,288 - alembic.runtime.migration - INFO - Will assume transactional DDL.
2025-07-06 16:25:02,310 - alembic.runtime.migration - INFO - Running upgrade  -> 20250619_0001, 20250619_0001_initial_migration
2025-07-06 16:25:02,310 - alembic.runtime.migration - INFO - Running upgrade  -> 20250619_0001, 20250619_0001_initial_migration
2025-07-06 18:49:09,918 - alembic - INFO - Running online migrations
2025-07-06 18:49:09,918 - alembic - INFO - Running online migrations
2025-07-06 18:49:10,120 - alembic.runtime.migration - INFO - Context impl PostgresqlImpl.
2025-07-06 18:49:10,120 - alembic.runtime.migration - INFO - Context impl PostgresqlImpl.
2025-07-06 18:49:10,120 - alembic.runtime.migration - INFO - Will assume transactional DDL.
2025-07-06 18:49:10,120 - alembic.runtime.migration - INFO - Will assume transactional DDL.
2025-07-06 18:49:10,146 - alembic.runtime.migration - INFO - Running upgrade  -> 20250619_0001, 20250619_0001_initial_migration
2025-07-06 18:49:10,146 - alembic.runtime.migration - INFO - Running upgrade  -> 20250619_0001, 20250619_0001_initial_migration
2025-07-06 18:53:27,631 - alembic - INFO - Running online migrations
2025-07-06 18:53:27,631 - alembic - INFO - Running online migrations
2025-07-06 18:53:27,720 - alembic.runtime.migration - INFO - Context impl PostgresqlImpl.
2025-07-06 18:53:27,720 - alembic.runtime.migration - INFO - Context impl PostgresqlImpl.
2025-07-06 18:53:27,721 - alembic.runtime.migration - INFO - Will assume transactional DDL.
2025-07-06 18:53:27,721 - alembic.runtime.migration - INFO - Will assume transactional DDL.
2025-07-06 18:53:27,748 - alembic.runtime.migration - INFO - Running upgrade  -> 20250619_0001, 20250619_0001_initial_migration
2025-07-06 18:53:27,748 - alembic.runtime.migration - INFO - Running upgrade  -> 20250619_0001, 20250619_0001_initial_migration
2025-07-06 19:09:54,905 - alembic - INFO - Running online migrations
2025-07-06 19:09:54,905 - alembic - INFO - Running online migrations
2025-07-06 19:09:55,011 - alembic.runtime.migration - INFO - Context impl PostgresqlImpl.
2025-07-06 19:09:55,011 - alembic.runtime.migration - INFO - Context impl PostgresqlImpl.
2025-07-06 19:09:55,011 - alembic.runtime.migration - INFO - Will assume transactional DDL.
2025-07-06 19:09:55,011 - alembic.runtime.migration - INFO - Will assume transactional DDL.
2025-07-06 19:09:55,039 - alembic.runtime.migration - INFO - Running upgrade  -> 20250619_0001, 20250619_0001_initial_migration
2025-07-06 19:09:55,039 - alembic.runtime.migration - INFO - Running upgrade  -> 20250619_0001, 20250619_0001_initial_migration
2025-07-06 19:34:45,907 - alembic - INFO - Running online migrations
2025-07-06 19:34:45,907 - alembic - INFO - Running online migrations
2025-07-06 19:34:46,036 - alembic.runtime.migration - INFO - Context impl PostgresqlImpl.
2025-07-06 19:34:46,036 - alembic.runtime.migration - INFO - Context impl PostgresqlImpl.
2025-07-06 19:34:46,037 - alembic.runtime.migration - INFO - Will assume transactional DDL.
2025-07-06 19:34:46,037 - alembic.runtime.migration - INFO - Will assume transactional DDL.
2025-07-06 19:34:46,070 - alembic.runtime.migration - INFO - Running upgrade  -> 20250619_0001, 20250619_0001_initial_migration
2025-07-06 19:34:46,070 - alembic.runtime.migration - INFO - Running upgrade  -> 20250619_0001, 20250619_0001_initial_migration
2025-07-06 19:37:44,253 - alembic - INFO - Running online migrations
2025-07-06 19:37:44,253 - alembic - INFO - Running online migrations
2025-07-06 19:37:44,348 - alembic.runtime.migration - INFO - Context impl PostgresqlImpl.
2025-07-06 19:37:44,348 - alembic.runtime.migration - INFO - Context impl PostgresqlImpl.
2025-07-06 19:37:44,348 - alembic.runtime.migration - INFO - Will assume transactional DDL.
2025-07-06 19:37:44,348 - alembic.runtime.migration - INFO - Will assume transactional DDL.
2025-07-06 19:37:44,368 - alembic.runtime.migration - INFO - Running upgrade  -> 20250619_0001, 20250619_0001_initial_migration
2025-07-06 19:37:44,368 - alembic.runtime.migration - INFO - Running upgrade  -> 20250619_0001, 20250619_0001_initial_migration
2025-07-06 19:42:31,869 - alembic - INFO - Running online migrations
2025-07-06 19:42:31,869 - alembic - INFO - Running online migrations
2025-07-06 19:42:31,975 - alembic.runtime.migration - INFO - Context impl PostgresqlImpl.
2025-07-06 19:42:31,975 - alembic.runtime.migration - INFO - Context impl PostgresqlImpl.
2025-07-06 19:42:31,975 - alembic.runtime.migration - INFO - Will assume transactional DDL.
2025-07-06 19:42:31,975 - alembic.runtime.migration - INFO - Will assume transactional DDL.
2025-07-06 19:42:32,007 - alembic.runtime.migration - INFO - Running upgrade  -> 20250619_0001, 20250619_0001_initial_migration
2025-07-06 19:42:32,007 - alembic.runtime.migration - INFO - Running upgrade  -> 20250619_0001, 20250619_0001_initial_migration
2025-07-06 19:51:55,806 - alembic - INFO - Running online migrations
2025-07-06 19:51:55,806 - alembic - INFO - Running online migrations
2025-07-06 19:51:55,911 - alembic.runtime.migration - INFO - Context impl PostgresqlImpl.
2025-07-06 19:51:55,911 - alembic.runtime.migration - INFO - Context impl PostgresqlImpl.
2025-07-06 19:51:55,912 - alembic.runtime.migration - INFO - Will assume transactional DDL.
2025-07-06 19:51:55,912 - alembic.runtime.migration - INFO - Will assume transactional DDL.
2025-07-06 19:51:55,941 - alembic.runtime.migration - INFO - Running upgrade  -> 20250619_0001, 20250619_0001_initial_migration
2025-07-06 19:51:55,941 - alembic.runtime.migration - INFO - Running upgrade  -> 20250619_0001, 20250619_0001_initial_migration
2025-07-06 20:30:32,784 - alembic - INFO - Running online migrations
2025-07-06 20:30:32,784 - alembic - INFO - Running online migrations
2025-07-06 20:31:06,195 - alembic - INFO - Running online migrations
2025-07-06 20:31:06,195 - alembic - INFO - Running online migrations
2025-07-06 20:31:06,295 - alembic.runtime.migration - INFO - Context impl PostgresqlImpl.
2025-07-06 20:31:06,295 - alembic.runtime.migration - INFO - Context impl PostgresqlImpl.
2025-07-06 20:31:06,295 - alembic.runtime.migration - INFO - Will assume transactional DDL.
2025-07-06 20:31:06,295 - alembic.runtime.migration - INFO - Will assume transactional DDL.
2025-07-06 20:31:06,325 - alembic.runtime.migration - INFO - Running upgrade  -> 20250619_0001, 20250619_0001_initial_migration
2025-07-06 20:31:06,325 - alembic.runtime.migration - INFO - Running upgrade  -> 20250619_0001, 20250619_0001_initial_migration
2025-07-06 20:33:42,363 - alembic - INFO - Running online migrations
2025-07-06 20:33:42,363 - alembic - INFO - Running online migrations
2025-07-06 20:33:42,562 - alembic.runtime.migration - INFO - Context impl PostgresqlImpl.
2025-07-06 20:33:42,562 - alembic.runtime.migration - INFO - Context impl PostgresqlImpl.
2025-07-06 20:33:42,563 - alembic.runtime.migration - INFO - Will assume transactional DDL.
2025-07-06 20:33:42,563 - alembic.runtime.migration - INFO - Will assume transactional DDL.
2025-07-06 20:33:42,588 - alembic.runtime.migration - INFO - Running upgrade  -> 20250619_0001, 20250619_0001_initial_migration
2025-07-06 20:33:42,588 - alembic.runtime.migration - INFO - Running upgrade  -> 20250619_0001, 20250619_0001_initial_migration
2025-07-06 21:01:05,755 - alembic - INFO - Running online migrations
2025-07-06 21:01:05,755 - alembic - INFO - Running online migrations
2025-07-06 21:01:05,979 - alembic.runtime.migration - INFO - Context impl PostgresqlImpl.
2025-07-06 21:01:05,979 - alembic.runtime.migration - INFO - Context impl PostgresqlImpl.
2025-07-06 21:01:05,979 - alembic.runtime.migration - INFO - Will assume transactional DDL.
2025-07-06 21:01:05,979 - alembic.runtime.migration - INFO - Will assume transactional DDL.
2025-07-06 21:01:06,011 - alembic.runtime.migration - INFO - Running upgrade  -> 20250619_0001, 20250619_0001_initial_migration
2025-07-06 21:01:06,011 - alembic.runtime.migration - INFO - Running upgrade  -> 20250619_0001, 20250619_0001_initial_migration
2025-07-06 21:57:08,841 - alembic - INFO - Running online migrations
2025-07-06 21:57:08,841 - alembic - INFO - Running online migrations
2025-07-06 21:57:08,936 - alembic.runtime.migration - INFO - Context impl PostgresqlImpl.
2025-07-06 21:57:08,936 - alembic.runtime.migration - INFO - Context impl PostgresqlImpl.
2025-07-06 21:57:08,936 - alembic.runtime.migration - INFO - Will assume transactional DDL.
2025-07-06 21:57:08,936 - alembic.runtime.migration - INFO - Will assume transactional DDL.
2025-07-06 21:57:08,966 - alembic.runtime.migration - INFO - Running upgrade  -> 20250619_0001, 20250619_0001_initial_migration
2025-07-06 21:57:08,966 - alembic.runtime.migration - INFO - Running upgrade  -> 20250619_0001, 20250619_0001_initial_migration
2025-07-06 22:42:36,332 - alembic - INFO - Running online migrations
2025-07-06 22:42:36,332 - alembic - INFO - Running online migrations
2025-07-06 22:42:36,425 - alembic.runtime.migration - INFO - Context impl PostgresqlImpl.
2025-07-06 22:42:36,425 - alembic.runtime.migration - INFO - Context impl PostgresqlImpl.
2025-07-06 22:42:36,425 - alembic.runtime.migration - INFO - Will assume transactional DDL.
2025-07-06 22:42:36,425 - alembic.runtime.migration - INFO - Will assume transactional DDL.
2025-07-06 22:42:36,455 - alembic.runtime.migration - INFO - Running upgrade  -> 20250619_0001, 20250619_0001_initial_migration
2025-07-06 22:42:36,455 - alembic.runtime.migration - INFO - Running upgrade  -> 20250619_0001, 20250619_0001_initial_migration
2025-07-07 11:44:42,070 - alembic - INFO - Running online migrations
2025-07-07 11:44:42,070 - alembic - INFO - Running online migrations
2025-07-07 11:44:42,462 - alembic.runtime.migration - INFO - Context impl PostgresqlImpl.
2025-07-07 11:44:42,462 - alembic.runtime.migration - INFO - Context impl PostgresqlImpl.
2025-07-07 11:44:42,462 - alembic.runtime.migration - INFO - Will assume transactional DDL.
2025-07-07 11:44:42,462 - alembic.runtime.migration - INFO - Will assume transactional DDL.
2025-07-07 11:44:42,515 - alembic.runtime.migration - INFO - Running upgrade  -> 20250619_0001, 20250619_0001_initial_migration
2025-07-07 11:44:42,515 - alembic.runtime.migration - INFO - Running upgrade  -> 20250619_0001, 20250619_0001_initial_migration
2025-07-12 16:28:35,441 - alembic - INFO - Running online migrations
2025-07-12 16:28:35,441 - alembic - INFO - Running online migrations
2025-07-12 17:05:06,675 - alembic - INFO - Running online migrations
2025-07-12 17:05:06,675 - alembic - INFO - Running online migrations
2025-07-12 17:05:07,003 - alembic.runtime.migration - INFO - Context impl PostgresqlImpl.
2025-07-12 17:05:07,003 - alembic.runtime.migration - INFO - Context impl PostgresqlImpl.
2025-07-12 17:05:07,004 - alembic.runtime.migration - INFO - Will assume transactional DDL.
2025-07-12 17:05:07,004 - alembic.runtime.migration - INFO - Will assume transactional DDL.
2025-07-12 17:05:07,028 - alembic.runtime.migration - INFO - Running upgrade  -> 20250619_0001, 20250619_0001_initial_migration
2025-07-12 17:05:07,028 - alembic.runtime.migration - INFO - Running upgrade  -> 20250619_0001, 20250619_0001_initial_migration
2025-07-14 00:55:56,006 - alembic - INFO - Running online migrations
2025-07-14 00:55:56,006 - alembic - INFO - Running online migrations
2025-07-14 00:55:56,798 - alembic.runtime.migration - INFO - Context impl PostgresqlImpl.
2025-07-14 00:55:56,798 - alembic.runtime.migration - INFO - Context impl PostgresqlImpl.
2025-07-14 00:55:56,799 - alembic.runtime.migration - INFO - Will assume transactional DDL.
2025-07-14 00:55:56,799 - alembic.runtime.migration - INFO - Will assume transactional DDL.
2025-07-14 00:55:56,812 - alembic.runtime.migration - INFO - Running upgrade  -> 20250619_0001, 20250619_0001_initial_migration
2025-07-14 00:55:56,812 - alembic.runtime.migration - INFO - Running upgrade  -> 20250619_0001, 20250619_0001_initial_migration
2025-07-14 01:11:34,710 - alembic - INFO - Running online migrations
2025-07-14 01:11:34,710 - alembic - INFO - Running online migrations
2025-07-14 01:11:35,243 - alembic.runtime.migration - INFO - Context impl PostgresqlImpl.
2025-07-14 01:11:35,243 - alembic.runtime.migration - INFO - Context impl PostgresqlImpl.
2025-07-14 01:11:35,244 - alembic.runtime.migration - INFO - Will assume transactional DDL.
2025-07-14 01:11:35,244 - alembic.runtime.migration - INFO - Will assume transactional DDL.
2025-07-14 01:11:35,256 - alembic.runtime.migration - INFO - Running upgrade  -> 20250619_0001, 20250619_0001_initial_migration
2025-07-14 01:11:35,256 - alembic.runtime.migration - INFO - Running upgrade  -> 20250619_0001, 20250619_0001_initial_migration
2025-07-14 16:58:16,489 - alembic - INFO - Running online migrations
2025-07-14 16:58:16,489 - alembic - INFO - Running online migrations
2025-07-14 16:58:17,023 - alembic.runtime.migration - INFO - Context impl PostgresqlImpl.
2025-07-14 16:58:17,023 - alembic.runtime.migration - INFO - Context impl PostgresqlImpl.
2025-07-14 16:58:17,024 - alembic.runtime.migration - INFO - Will assume transactional DDL.
2025-07-14 16:58:17,024 - alembic.runtime.migration - INFO - Will assume transactional DDL.
2025-07-14 16:58:17,055 - alembic.runtime.migration - INFO - Running upgrade  -> 20250619_0001, 20250619_0001_initial_migration
2025-07-14 16:58:17,055 - alembic.runtime.migration - INFO - Running upgrade  -> 20250619_0001, 20250619_0001_initial_migration
2025-07-15 16:40:06,377 - alembic - INFO - Running online migrations
2025-07-15 16:40:06,377 - alembic - INFO - Running online migrations
2025-07-15 16:40:06,722 - alembic.runtime.migration - INFO - Context impl PostgresqlImpl.
2025-07-15 16:40:06,722 - alembic.runtime.migration - INFO - Context impl PostgresqlImpl.
2025-07-15 16:40:06,722 - alembic.runtime.migration - INFO - Will assume transactional DDL.
2025-07-15 16:40:06,722 - alembic.runtime.migration - INFO - Will assume transactional DDL.
2025-07-15 16:42:08,586 - alembic - INFO - Running online migrations
2025-07-15 16:42:08,586 - alembic - INFO - Running online migrations
2025-07-15 16:42:08,630 - alembic.runtime.migration - INFO - Context impl PostgresqlImpl.
2025-07-15 16:42:08,630 - alembic.runtime.migration - INFO - Context impl PostgresqlImpl.
2025-07-15 16:42:08,631 - alembic.runtime.migration - INFO - Will assume transactional DDL.
2025-07-15 16:42:08,631 - alembic.runtime.migration - INFO - Will assume transactional DDL.
2025-07-15 16:42:11,982 - alembic - INFO - Running online migrations
2025-07-15 16:42:11,982 - alembic - INFO - Running online migrations
2025-07-15 16:42:12,025 - alembic.runtime.migration - INFO - Context impl PostgresqlImpl.
2025-07-15 16:42:12,025 - alembic.runtime.migration - INFO - Context impl PostgresqlImpl.
2025-07-15 16:42:12,025 - alembic.runtime.migration - INFO - Will assume transactional DDL.
2025-07-15 16:42:12,025 - alembic.runtime.migration - INFO - Will assume transactional DDL.
2025-07-15 18:44:59,957 - alembic - INFO - Running online migrations
2025-07-15 18:44:59,957 - alembic - INFO - Running online migrations
2025-07-15 18:45:00,524 - alembic.runtime.migration - INFO - Context impl PostgresqlImpl.
2025-07-15 18:45:00,524 - alembic.runtime.migration - INFO - Context impl PostgresqlImpl.
2025-07-15 18:45:00,525 - alembic.runtime.migration - INFO - Will assume transactional DDL.
2025-07-15 18:45:00,525 - alembic.runtime.migration - INFO - Will assume transactional DDL.
2025-07-15 18:45:00,537 - alembic.runtime.migration - INFO - Running upgrade  -> 20250619_0001, 20250619_0001_initial_migration
2025-07-15 18:45:00,537 - alembic.runtime.migration - INFO - Running upgrade  -> 20250619_0001, 20250619_0001_initial_migration
2025-07-15 18:45:05,788 - alembic - INFO - Running online migrations
2025-07-15 18:45:05,788 - alembic - INFO - Running online migrations
2025-07-15 18:45:05,825 - alembic.runtime.migration - INFO - Context impl PostgresqlImpl.
2025-07-15 18:45:05,825 - alembic.runtime.migration - INFO - Context impl PostgresqlImpl.
2025-07-15 18:45:05,826 - alembic.runtime.migration - INFO - Will assume transactional DDL.
2025-07-15 18:45:05,826 - alembic.runtime.migration - INFO - Will assume transactional DDL.
2025-07-15 20:42:00,482 - alembic - INFO - Running online migrations
2025-07-15 20:42:00,482 - alembic - INFO - Running online migrations
2025-07-15 20:42:04,378 - alembic - INFO - Running online migrations
2025-07-15 20:42:04,378 - alembic - INFO - Running online migrations
2025-07-15 20:46:19,391 - alembic - INFO - Running online migrations
2025-07-15 20:46:19,391 - alembic - INFO - Running online migrations
2025-07-15 20:46:19,512 - alembic.runtime.migration - INFO - Context impl PostgresqlImpl.
2025-07-15 20:46:19,512 - alembic.runtime.migration - INFO - Context impl PostgresqlImpl.
2025-07-15 20:46:19,513 - alembic.runtime.migration - INFO - Will assume transactional DDL.
2025-07-15 20:46:19,513 - alembic.runtime.migration - INFO - Will assume transactional DDL.
2025-07-15 20:46:19,536 - alembic.runtime.migration - INFO - Running upgrade  -> 20250619_0001, 20250619_0001_initial_migration
2025-07-15 20:46:19,536 - alembic.runtime.migration - INFO - Running upgrade  -> 20250619_0001, 20250619_0001_initial_migration
2025-07-15 20:46:23,012 - alembic - INFO - Running online migrations
2025-07-15 20:46:23,012 - alembic - INFO - Running online migrations
2025-07-15 20:46:23,260 - alembic.runtime.migration - INFO - Context impl PostgresqlImpl.
2025-07-15 20:46:23,260 - alembic.runtime.migration - INFO - Context impl PostgresqlImpl.
2025-07-15 20:46:23,260 - alembic.runtime.migration - INFO - Will assume transactional DDL.
2025-07-15 20:46:23,260 - alembic.runtime.migration - INFO - Will assume transactional DDL.
2025-07-15 20:53:23,798 - alembic - INFO - Running online migrations
2025-07-15 20:53:23,798 - alembic - INFO - Running online migrations
2025-07-15 20:53:23,938 - alembic.runtime.migration - INFO - Context impl PostgresqlImpl.
2025-07-15 20:53:23,938 - alembic.runtime.migration - INFO - Context impl PostgresqlImpl.
2025-07-15 20:53:23,938 - alembic.runtime.migration - INFO - Will assume transactional DDL.
2025-07-15 20:53:23,938 - alembic.runtime.migration - INFO - Will assume transactional DDL.
2025-07-15 20:53:27,462 - alembic - INFO - Running online migrations
2025-07-15 20:53:27,462 - alembic - INFO - Running online migrations
2025-07-15 20:53:27,571 - alembic.runtime.migration - INFO - Context impl PostgresqlImpl.
2025-07-15 20:53:27,571 - alembic.runtime.migration - INFO - Context impl PostgresqlImpl.
2025-07-15 20:53:27,572 - alembic.runtime.migration - INFO - Will assume transactional DDL.
2025-07-15 20:53:27,572 - alembic.runtime.migration - INFO - Will assume transactional DDL.
2025-07-15 21:05:39,097 - alembic - INFO - Running online migrations
2025-07-15 21:05:39,097 - alembic - INFO - Running online migrations
2025-07-15 21:05:39,385 - alembic.runtime.migration - INFO - Context impl PostgresqlImpl.
2025-07-15 21:05:39,385 - alembic.runtime.migration - INFO - Context impl PostgresqlImpl.
2025-07-15 21:05:39,386 - alembic.runtime.migration - INFO - Will assume transactional DDL.
2025-07-15 21:05:39,386 - alembic.runtime.migration - INFO - Will assume transactional DDL.
2025-07-15 21:05:39,409 - alembic.runtime.migration - INFO - Running upgrade  -> 20250619_0001, 20250619_0001_initial_migration
2025-07-15 21:05:39,409 - alembic.runtime.migration - INFO - Running upgrade  -> 20250619_0001, 20250619_0001_initial_migration
2025-07-15 21:05:43,271 - alembic - INFO - Running online migrations
2025-07-15 21:05:43,271 - alembic - INFO - Running online migrations
2025-07-15 21:05:43,377 - alembic.runtime.migration - INFO - Context impl PostgresqlImpl.
2025-07-15 21:05:43,377 - alembic.runtime.migration - INFO - Context impl PostgresqlImpl.
2025-07-15 21:05:43,377 - alembic.runtime.migration - INFO - Will assume transactional DDL.
2025-07-15 21:05:43,377 - alembic.runtime.migration - INFO - Will assume transactional DDL.
2025-07-15 21:12:14,661 - alembic - INFO - Running online migrations
2025-07-15 21:12:14,661 - alembic - INFO - Running online migrations
2025-07-15 21:12:14,777 - alembic.runtime.migration - INFO - Context impl PostgresqlImpl.
2025-07-15 21:12:14,777 - alembic.runtime.migration - INFO - Context impl PostgresqlImpl.
2025-07-15 21:12:14,778 - alembic.runtime.migration - INFO - Will assume transactional DDL.
2025-07-15 21:12:14,778 - alembic.runtime.migration - INFO - Will assume transactional DDL.
2025-07-15 21:12:18,062 - alembic - INFO - Running online migrations
2025-07-15 21:12:18,062 - alembic - INFO - Running online migrations
2025-07-15 21:12:18,151 - alembic.runtime.migration - INFO - Context impl PostgresqlImpl.
2025-07-15 21:12:18,151 - alembic.runtime.migration - INFO - Context impl PostgresqlImpl.
2025-07-15 21:12:18,151 - alembic.runtime.migration - INFO - Will assume transactional DDL.
2025-07-15 21:12:18,151 - alembic.runtime.migration - INFO - Will assume transactional DDL.
2025-07-15 21:15:26,272 - alembic - INFO - Running online migrations
2025-07-15 21:15:26,272 - alembic - INFO - Running online migrations
2025-07-15 21:15:26,393 - alembic.runtime.migration - INFO - Context impl PostgresqlImpl.
2025-07-15 21:15:26,393 - alembic.runtime.migration - INFO - Context impl PostgresqlImpl.
2025-07-15 21:15:26,394 - alembic.runtime.migration - INFO - Will assume transactional DDL.
2025-07-15 21:15:26,394 - alembic.runtime.migration - INFO - Will assume transactional DDL.
2025-07-15 21:15:29,452 - alembic - INFO - Running online migrations
2025-07-15 21:15:29,452 - alembic - INFO - Running online migrations
2025-07-15 21:15:29,545 - alembic.runtime.migration - INFO - Context impl PostgresqlImpl.
2025-07-15 21:15:29,545 - alembic.runtime.migration - INFO - Context impl PostgresqlImpl.
2025-07-15 21:15:29,546 - alembic.runtime.migration - INFO - Will assume transactional DDL.
2025-07-15 21:15:29,546 - alembic.runtime.migration - INFO - Will assume transactional DDL.
2025-07-15 21:49:26,569 - alembic - INFO - Running online migrations
2025-07-15 21:49:26,569 - alembic - INFO - Running online migrations
2025-07-15 21:49:26,607 - alembic.runtime.migration - INFO - Context impl PostgresqlImpl.
2025-07-15 21:49:26,607 - alembic.runtime.migration - INFO - Context impl PostgresqlImpl.
2025-07-15 21:49:26,608 - alembic.runtime.migration - INFO - Will assume transactional DDL.
2025-07-15 21:49:26,608 - alembic.runtime.migration - INFO - Will assume transactional DDL.
2025-07-15 21:49:26,622 - alembic.runtime.migration - INFO - Running upgrade  -> 20250619_0001, 20250619_0001_initial_migration
2025-07-15 21:49:26,622 - alembic.runtime.migration - INFO - Running upgrade  -> 20250619_0001, 20250619_0001_initial_migration
2025-07-15 21:49:29,309 - alembic - INFO - Running online migrations
2025-07-15 21:49:29,309 - alembic - INFO - Running online migrations
2025-07-15 21:49:29,343 - alembic.runtime.migration - INFO - Context impl PostgresqlImpl.
2025-07-15 21:49:29,343 - alembic.runtime.migration - INFO - Context impl PostgresqlImpl.
2025-07-15 21:49:29,343 - alembic.runtime.migration - INFO - Will assume transactional DDL.
2025-07-15 21:49:29,343 - alembic.runtime.migration - INFO - Will assume transactional DDL.
2025-07-16 01:53:01,457 - alembic - INFO - Running online migrations
2025-07-16 01:53:01,457 - alembic - INFO - Running online migrations
2025-07-16 01:53:01,542 - alembic.runtime.migration - INFO - Context impl PostgresqlImpl.
2025-07-16 01:53:01,542 - alembic.runtime.migration - INFO - Context impl PostgresqlImpl.
2025-07-16 01:53:01,544 - alembic.runtime.migration - INFO - Will assume transactional DDL.
2025-07-16 01:53:01,544 - alembic.runtime.migration - INFO - Will assume transactional DDL.
2025-07-16 01:53:05,662 - alembic - INFO - Running online migrations
2025-07-16 01:53:05,662 - alembic - INFO - Running online migrations
2025-07-16 01:53:05,711 - alembic.runtime.migration - INFO - Context impl PostgresqlImpl.
2025-07-16 01:53:05,711 - alembic.runtime.migration - INFO - Context impl PostgresqlImpl.
2025-07-16 01:53:05,713 - alembic.runtime.migration - INFO - Will assume transactional DDL.
2025-07-16 01:53:05,713 - alembic.runtime.migration - INFO - Will assume transactional DDL.
2025-07-16 03:18:23,789 - alembic - INFO - Running online migrations
2025-07-16 03:18:23,789 - alembic - INFO - Running online migrations
2025-07-16 03:18:23,849 - alembic.runtime.migration - INFO - Context impl PostgresqlImpl.
2025-07-16 03:18:23,849 - alembic.runtime.migration - INFO - Context impl PostgresqlImpl.
2025-07-16 03:18:23,850 - alembic.runtime.migration - INFO - Will assume transactional DDL.
2025-07-16 03:18:23,850 - alembic.runtime.migration - INFO - Will assume transactional DDL.
2025-07-16 03:18:28,482 - alembic - INFO - Running online migrations
2025-07-16 03:18:28,482 - alembic - INFO - Running online migrations
2025-07-16 03:18:28,531 - alembic.runtime.migration - INFO - Context impl PostgresqlImpl.
2025-07-16 03:18:28,531 - alembic.runtime.migration - INFO - Context impl PostgresqlImpl.
2025-07-16 03:18:28,532 - alembic.runtime.migration - INFO - Will assume transactional DDL.
2025-07-16 03:18:28,532 - alembic.runtime.migration - INFO - Will assume transactional DDL.
2025-07-16 14:18:37,905 - alembic - INFO - Running online migrations
2025-07-16 14:18:37,905 - alembic - INFO - Running online migrations
2025-07-16 14:18:38,020 - alembic.runtime.migration - INFO - Context impl PostgresqlImpl.
2025-07-16 14:18:38,020 - alembic.runtime.migration - INFO - Context impl PostgresqlImpl.
2025-07-16 14:18:38,021 - alembic.runtime.migration - INFO - Will assume transactional DDL.
2025-07-16 14:18:38,021 - alembic.runtime.migration - INFO - Will assume transactional DDL.
2025-07-16 14:18:42,842 - alembic - INFO - Running online migrations
2025-07-16 14:18:42,842 - alembic - INFO - Running online migrations
2025-07-16 14:18:42,903 - alembic.runtime.migration - INFO - Context impl PostgresqlImpl.
2025-07-16 14:18:42,903 - alembic.runtime.migration - INFO - Context impl PostgresqlImpl.
2025-07-16 14:18:42,904 - alembic.runtime.migration - INFO - Will assume transactional DDL.
2025-07-16 14:18:42,904 - alembic.runtime.migration - INFO - Will assume transactional DDL.
2025-07-16 15:19:06,779 - alembic - INFO - Running online migrations
2025-07-16 15:19:06,779 - alembic - INFO - Running online migrations
2025-07-16 15:19:07,478 - alembic.runtime.migration - INFO - Context impl PostgresqlImpl.
2025-07-16 15:19:07,478 - alembic.runtime.migration - INFO - Context impl PostgresqlImpl.
2025-07-16 15:19:07,479 - alembic.runtime.migration - INFO - Will assume transactional DDL.
2025-07-16 15:19:07,479 - alembic.runtime.migration - INFO - Will assume transactional DDL.
2025-07-16 15:19:07,513 - alembic.runtime.migration - INFO - Running upgrade  -> 20250619_0001, 20250619_0001_initial_migration
2025-07-16 15:19:07,513 - alembic.runtime.migration - INFO - Running upgrade  -> 20250619_0001, 20250619_0001_initial_migration
2025-07-16 15:19:14,059 - alembic - INFO - Running online migrations
2025-07-16 15:19:14,059 - alembic - INFO - Running online migrations
2025-07-16 15:19:14,104 - alembic.runtime.migration - INFO - Context impl PostgresqlImpl.
2025-07-16 15:19:14,104 - alembic.runtime.migration - INFO - Context impl PostgresqlImpl.
2025-07-16 15:19:14,105 - alembic.runtime.migration - INFO - Will assume transactional DDL.
2025-07-16 15:19:14,105 - alembic.runtime.migration - INFO - Will assume transactional DDL.
2025-07-16 15:49:40,393 - alembic - INFO - Running online migrations
2025-07-16 15:49:40,393 - alembic - INFO - Running online migrations
2025-07-16 15:49:41,059 - alembic.runtime.migration - INFO - Context impl PostgresqlImpl.
2025-07-16 15:49:41,059 - alembic.runtime.migration - INFO - Context impl PostgresqlImpl.
2025-07-16 15:49:41,061 - alembic.runtime.migration - INFO - Will assume transactional DDL.
2025-07-16 15:49:41,061 - alembic.runtime.migration - INFO - Will assume transactional DDL.
2025-07-16 15:49:49,082 - alembic - INFO - Running online migrations
2025-07-16 15:49:49,082 - alembic - INFO - Running online migrations
2025-07-16 15:49:49,168 - alembic.runtime.migration - INFO - Context impl PostgresqlImpl.
2025-07-16 15:49:49,168 - alembic.runtime.migration - INFO - Context impl PostgresqlImpl.
2025-07-16 15:49:49,174 - alembic.runtime.migration - INFO - Will assume transactional DDL.
2025-07-16 15:49:49,174 - alembic.runtime.migration - INFO - Will assume transactional DDL.
2025-07-16 15:59:48,022 - alembic - INFO - Running online migrations
2025-07-16 15:59:48,022 - alembic - INFO - Running online migrations
2025-07-16 15:59:48,111 - alembic.runtime.migration - INFO - Context impl PostgresqlImpl.
2025-07-16 15:59:48,111 - alembic.runtime.migration - INFO - Context impl PostgresqlImpl.
2025-07-16 15:59:48,112 - alembic.runtime.migration - INFO - Will assume transactional DDL.
2025-07-16 15:59:48,112 - alembic.runtime.migration - INFO - Will assume transactional DDL.
2025-07-16 15:59:52,142 - alembic - INFO - Running online migrations
2025-07-16 15:59:52,142 - alembic - INFO - Running online migrations
2025-07-16 15:59:52,195 - alembic.runtime.migration - INFO - Context impl PostgresqlImpl.
2025-07-16 15:59:52,195 - alembic.runtime.migration - INFO - Context impl PostgresqlImpl.
2025-07-16 15:59:52,196 - alembic.runtime.migration - INFO - Will assume transactional DDL.
2025-07-16 15:59:52,196 - alembic.runtime.migration - INFO - Will assume transactional DDL.
2025-07-16 18:15:16,118 - alembic - INFO - Running online migrations
2025-07-16 18:15:16,118 - alembic - INFO - Running online migrations
2025-07-16 18:15:16,203 - alembic.runtime.migration - INFO - Context impl PostgresqlImpl.
2025-07-16 18:15:16,203 - alembic.runtime.migration - INFO - Context impl PostgresqlImpl.
2025-07-16 18:15:16,203 - alembic.runtime.migration - INFO - Will assume transactional DDL.
2025-07-16 18:15:16,203 - alembic.runtime.migration - INFO - Will assume transactional DDL.
2025-07-16 18:15:19,920 - alembic - INFO - Running online migrations
2025-07-16 18:15:19,920 - alembic - INFO - Running online migrations
2025-07-16 18:15:19,971 - alembic.runtime.migration - INFO - Context impl PostgresqlImpl.
2025-07-16 18:15:19,971 - alembic.runtime.migration - INFO - Context impl PostgresqlImpl.
2025-07-16 18:15:19,972 - alembic.runtime.migration - INFO - Will assume transactional DDL.
2025-07-16 18:15:19,972 - alembic.runtime.migration - INFO - Will assume transactional DDL.
2025-07-16 20:07:42,666 - alembic - INFO - Running online migrations
2025-07-16 20:07:42,666 - alembic - INFO - Running online migrations
2025-07-16 20:07:42,756 - alembic.runtime.migration - INFO - Context impl PostgresqlImpl.
2025-07-16 20:07:42,756 - alembic.runtime.migration - INFO - Context impl PostgresqlImpl.
2025-07-16 20:07:42,757 - alembic.runtime.migration - INFO - Will assume transactional DDL.
2025-07-16 20:07:42,757 - alembic.runtime.migration - INFO - Will assume transactional DDL.
2025-07-16 20:07:46,185 - alembic - INFO - Running online migrations
2025-07-16 20:07:46,185 - alembic - INFO - Running online migrations
2025-07-16 20:07:46,233 - alembic.runtime.migration - INFO - Context impl PostgresqlImpl.
2025-07-16 20:07:46,233 - alembic.runtime.migration - INFO - Context impl PostgresqlImpl.
2025-07-16 20:07:46,234 - alembic.runtime.migration - INFO - Will assume transactional DDL.
2025-07-16 20:07:46,234 - alembic.runtime.migration - INFO - Will assume transactional DDL.
2025-07-20 14:24:26,448 - alembic - INFO - Running online migrations
2025-07-20 14:24:26,448 - alembic - INFO - Running online migrations
2025-07-20 14:30:47,663 - alembic - INFO - Running online migrations
2025-07-20 14:30:47,663 - alembic - INFO - Running online migrations
2025-07-20 14:30:47,824 - alembic.runtime.migration - INFO - Context impl PostgresqlImpl.
2025-07-20 14:30:47,824 - alembic.runtime.migration - INFO - Context impl PostgresqlImpl.
2025-07-20 14:30:47,825 - alembic.runtime.migration - INFO - Will assume transactional DDL.
2025-07-20 14:30:47,825 - alembic.runtime.migration - INFO - Will assume transactional DDL.
2025-07-20 14:30:47,917 - alembic.runtime.migration - INFO - Running upgrade  -> 20250619_0001, 20250619_0001_initial_migration
2025-07-20 14:30:47,917 - alembic.runtime.migration - INFO - Running upgrade  -> 20250619_0001, 20250619_0001_initial_migration
2025-07-20 14:31:00,978 - alembic - INFO - Running online migrations
2025-07-20 14:31:00,978 - alembic - INFO - Running online migrations
2025-07-20 14:31:01,134 - alembic.runtime.migration - INFO - Context impl PostgresqlImpl.
2025-07-20 14:31:01,134 - alembic.runtime.migration - INFO - Context impl PostgresqlImpl.
2025-07-20 14:31:01,136 - alembic.runtime.migration - INFO - Will assume transactional DDL.
2025-07-20 14:31:01,136 - alembic.runtime.migration - INFO - Will assume transactional DDL.
2025-07-20 16:48:02,846 - alembic - INFO - Running online migrations
2025-07-20 16:48:02,846 - alembic - INFO - Running online migrations
2025-07-20 16:48:02,995 - alembic.runtime.migration - INFO - Context impl PostgresqlImpl.
2025-07-20 16:48:02,995 - alembic.runtime.migration - INFO - Context impl PostgresqlImpl.
2025-07-20 16:48:03,000 - alembic.runtime.migration - INFO - Will assume transactional DDL.
2025-07-20 16:48:03,000 - alembic.runtime.migration - INFO - Will assume transactional DDL.
2025-07-20 16:48:13,276 - alembic - INFO - Running online migrations
2025-07-20 16:48:13,276 - alembic - INFO - Running online migrations
2025-07-20 16:48:13,408 - alembic.runtime.migration - INFO - Context impl PostgresqlImpl.
2025-07-20 16:48:13,408 - alembic.runtime.migration - INFO - Context impl PostgresqlImpl.
2025-07-20 16:48:13,409 - alembic.runtime.migration - INFO - Will assume transactional DDL.
2025-07-20 16:48:13,409 - alembic.runtime.migration - INFO - Will assume transactional DDL.
2025-07-20 17:31:46,555 - alembic - INFO - Running online migrations
2025-07-20 17:31:46,555 - alembic - INFO - Running online migrations
2025-07-20 17:31:46,626 - alembic.runtime.migration - INFO - Context impl PostgresqlImpl.
2025-07-20 17:31:46,626 - alembic.runtime.migration - INFO - Context impl PostgresqlImpl.
2025-07-20 17:31:46,626 - alembic.runtime.migration - INFO - Will assume transactional DDL.
2025-07-20 17:31:46,626 - alembic.runtime.migration - INFO - Will assume transactional DDL.
2025-07-20 17:31:51,181 - alembic - INFO - Running online migrations
2025-07-20 17:31:51,181 - alembic - INFO - Running online migrations
2025-07-20 17:31:51,241 - alembic.runtime.migration - INFO - Context impl PostgresqlImpl.
2025-07-20 17:31:51,241 - alembic.runtime.migration - INFO - Context impl PostgresqlImpl.
2025-07-20 17:31:51,242 - alembic.runtime.migration - INFO - Will assume transactional DDL.
2025-07-20 17:31:51,242 - alembic.runtime.migration - INFO - Will assume transactional DDL.
